{"/Users/zhangjiabao/Desktop/Checkers/Checkers.js": {"path":"/Users/zhangjiabao/Desktop/Checkers/Checkers.js","statementMap":{"0":{"start":{"line":72,"column":17},"end":{"line":72,"column":18}},"1":{"start":{"line":73,"column":1},"end":{"line":81,"column":2}},"2":{"start":{"line":73,"column":14},"end":{"line":73,"column":15}},"3":{"start":{"line":74,"column":2},"end":{"line":80,"column":3}},"4":{"start":{"line":74,"column":15},"end":{"line":74,"column":16}},"5":{"start":{"line":75,"column":3},"end":{"line":78,"column":4}},"6":{"start":{"line":76,"column":21},"end":{"line":76,"column":27}},"7":{"start":{"line":77,"column":4},"end":{"line":77,"column":20}},"8":{"start":{"line":79,"column":12},"end":{"line":79,"column":24}},"9":{"start":{"line":85,"column":12},"end":{"line":85,"column":47}},"10":{"start":{"line":86,"column":1},"end":{"line":86,"column":11}}},"fnMap":{"0":{"name":"calculateCoordinatesFromId","decl":{"start":{"line":71,"column":16},"end":{"line":71,"column":42}},"loc":{"start":{"line":71,"column":47},"end":{"line":82,"column":1}},"line":71},"1":{"name":"calculateIdFromCoordinates","decl":{"start":{"line":84,"column":16},"end":{"line":84,"column":42}},"loc":{"start":{"line":84,"column":56},"end":{"line":87,"column":1}},"line":84}},"branchMap":{"0":{"loc":{"start":{"line":75,"column":3},"end":{"line":78,"column":4}},"type":"if","locations":[{"start":{"line":75,"column":3},"end":{"line":78,"column":4}},{"start":{"line":75,"column":3},"end":{"line":78,"column":4}}],"line":75}},"s":{"0":1,"1":1,"2":1,"3":2,"4":2,"5":16,"6":1,"7":1,"8":15,"9":1,"10":1},"f":{"0":1,"1":1},"b":{"0":[1,15]},"_coverageSchema":"1a1c01bbd47fc00a2c39e90264f33305004495a9","hash":"365d05fcaff71c4d05645c6e3845dd2c26927858"}
}
